<?xml version="1.0" encoding="UTF-8"?>
<!-- Generated by org.testng.reporters.JUnitReportReporter -->
<testsuite skipped="0" hostname="Abrahams-Air.attlocal.net" name="WebPageLogin.checkAll" tests="1" failures="0" timestamp="07 Apr 2019 03:22:50 GMT" time="9.398" errors="0">
  <testcase name="checkAll" time="9.398" classname="WebPageLogin.checkAll"/>
</testsuite> <!-- WebPageLogin.checkAll -->
