<?xml version="1.0" encoding="UTF-8"?>
<!-- Generated by org.testng.reporters.JUnitReportReporter -->
<testsuite skipped="0" hostname="Abrahams-MacBook-Air.local" name="WebPageLogin.WebPageLoginTest" tests="1" failures="0" timestamp="05 Apr 2019 00:54:09 GMT" time="7.257" errors="0">
  <testcase name="login" time="7.257" classname="WebPageLogin.WebPageLoginTest"/>
</testsuite> <!-- WebPageLogin.WebPageLoginTest -->
