<?xml version="1.0" encoding="UTF-8"?>
<!-- Generated by org.testng.reporters.JUnitReportReporter -->
<testsuite skipped="0" hostname="Abrahams-Air.attlocal.net" name="WebPageLogin.invalidPasswordLogin" tests="1" failures="0" timestamp="05 Apr 2019 03:48:54 GMT" time="7.195" errors="0">
  <testcase name="invalidUserNameLogin" time="7.195" classname="WebPageLogin.invalidPasswordLogin"/>
</testsuite> <!-- WebPageLogin.invalidPasswordLogin -->
