<?xml version="1.0" encoding="UTF-8"?>
<!-- Generated by org.testng.reporters.JUnitReportReporter -->
<testsuite skipped="0" hostname="Abrahams-Air.attlocal.net" name="WebPageLogin.invalidUserNameLoginTest" tests="1" failures="0" timestamp="05 Apr 2019 03:24:19 GMT" time="8.416" errors="0">
  <testcase name="invalidUserNameLogin" time="8.416" classname="WebPageLogin.invalidUserNameLoginTest"/>
</testsuite> <!-- WebPageLogin.invalidUserNameLoginTest -->
